==============================================================================
Suites                                                                        
==============================================================================
Suites.a BillingTest :: This is a Billing test file with Robot Framework      
==============================================================================
 Billing Account File Test Case                                       | FAIL |
TimeoutError: Timeout 30000ms exceeded.
=========================== logs ===========================
waiting for selector "i"
  selector resolved to visible <i l10n-title="" title="Close" l10ntranslate="" ari…></i>
attempting click action
  waiting for element to be visible, enabled and stable
  element is visible, enabled and stable
  scrolling into view if needed
  done scrolling
  element is outside of the viewport
retrying click action, attempt #1
  waiting for element to be visible, enabled and stable
  element is visible, enabled and stable
  scrolling into view if needed
  done scrolling
  element is outside of the viewport
retrying click action, attempt #2
  waiting 20ms
  waiting for element to be visible, enabled and stable
    [ Message content over the limit has been removed. ]
  scrolling into view if needed
  done scrolling
  element is outside of the viewport
retrying click action, attempt #56
  waiting 500ms
  waiting for element to be visible, enabled and stable
  element is visible, enabled and stable
  scrolling into view if needed
  done scrolling
  element is outside of the viewport
retrying click action, attempt #57
  waiting 500ms
  waiting for element to be visible, enabled and stable
  element is visible, enabled and stable
  scrolling into view if needed
  done scrolling
  element is outside of the viewport
retrying click action, attempt #58
  waiting 500ms
============================================================
------------------------------------------------------------------------------
Suites.a BillingTest :: This is a Billing test file with Robot Fra... | FAIL |
1 critical test, 0 passed, 1 failed
1 test total, 0 passed, 1 failed
==============================================================================
Suites                                                                | FAIL |
1 critical test, 0 passed, 1 failed
1 test total, 0 passed, 1 failed
==============================================================================
Output:  C:\Users\Medhana Harihar\PycharmProjects\Playwright_RobotFramework\Reports\pabot_results\0\output.xml
